[    0.000000] Linux version 4.15.0-122-generic (buildd@lgw01-amd64-036) (gcc version 7.5.0 (Ubuntu 7.5.0-3ubuntu1~18.04)) #124-Ubuntu SMP Thu Oct 15 13:03:05 UTC 2020 (Ubuntu 4.15.0-122.124-generic 4.15.18)
[    0.000000] Command line: BOOT_IMAGE=/boot/vmlinuz-4.15.0-122-generic root=LABEL=cloudimg-rootfs ro console=tty1 console=ttyS0
[    0.000000] KERNEL supported cpus:
[    0.000000]   Intel GenuineIntel
[    0.000000]   AMD AuthenticAMD
[    0.000000]   Centaur CentaurHauls
[    0.000000] x86/fpu: Supporting XSAVE feature 0x001: 'x87 floating point registers'
[    0.000000] x86/fpu: Supporting XSAVE feature 0x002: 'SSE registers'
[    0.000000] x86/fpu: Supporting XSAVE feature 0x004: 'AVX registers'
[    0.000000] x86/fpu: xstate_offset[2]:  576, xstate_sizes[2]:  256
[    0.000000] x86/fpu: Enabled xstate features 0x7, context size is 832 bytes, using 'standard' format.
[    0.000000] e820: BIOS-provided physical RAM map:
[    0.000000] BIOS-e820: [mem 0x0000000000000000-0x000000000009fbff] usable
[    0.000000] BIOS-e820: [mem 0x000000000009fc00-0x000000000009ffff] reserved
[    0.000000] BIOS-e820: [mem 0x00000000000f0000-0x00000000000fffff] reserved
[    0.000000] BIOS-e820: [mem 0x0000000000100000-0x00000000dffeffff] usable
[    0.000000] BIOS-e820: [mem 0x00000000dfff0000-0x00000000dfffffff] ACPI data
[    0.000000] BIOS-e820: [mem 0x00000000fec00000-0x00000000fec00fff] reserved
[    0.000000] BIOS-e820: [mem 0x00000000fee00000-0x00000000fee00fff] reserved
[    0.000000] BIOS-e820: [mem 0x00000000fffc0000-0x00000000ffffffff] reserved
[    0.000000] BIOS-e820: [mem 0x0000000100000000-0x000000011fffffff] usable
[    0.000000] NX (Execute Disable) protection: active
[    0.000000] SMBIOS 2.5 present.
[    0.000000] DMI: innotek GmbH VirtualBox/VirtualBox, BIOS VirtualBox 12/01/2006
[    0.000000] Hypervisor detected: KVM
[    0.000000] e820: last_pfn = 0x120000 max_arch_pfn = 0x400000000
[    0.000000] MTRR: Disabled
[    0.000000] x86/PAT: MTRRs disabled, skipping PAT initialization too.
[    0.000000] CPU MTRRs all blank - virtualized system.
[    0.000000] x86/PAT: Configuration [0-7]: WB  WT  UC- UC  WB  WT  UC- UC  
[    0.000000] e820: last_pfn = 0xdfff0 max_arch_pfn = 0x400000000
[    0.000000] found SMP MP-table at [mem 0x0009fff0-0x0009ffff]
[    0.000000] Scanning 1 areas for low memory corruption
[    0.000000] RAMDISK: [mem 0x35a67000-0x36d2afff]
[    0.000000] ACPI: Early table checksum verification disabled
[    0.000000] ACPI: RSDP 0x00000000000E0000 000024 (v02 VBOX  )
[    0.000000] ACPI: XSDT 0x00000000DFFF0030 00003C (v01 VBOX   VBOXXSDT 00000001 ASL  00000061)
[    0.000000] ACPI: FACP 0x00000000DFFF00F0 0000F4 (v04 VBOX   VBOXFACP 00000001 ASL  00000061)
[    0.000000] ACPI: DSDT 0x00000000DFFF0480 002325 (v02 VBOX   VBOXBIOS 00000002 INTL 20190509)
[    0.000000] ACPI: FACS 0x00000000DFFF0200 000040
[    0.000000] ACPI: FACS 0x00000000DFFF0200 000040
[    0.000000] ACPI: APIC 0x00000000DFFF0240 00006C (v02 VBOX   VBOXAPIC 00000001 ASL  00000061)
[    0.000000] ACPI: SSDT 0x00000000DFFF02B0 0001CC (v01 VBOX   VBOXCPUT 00000002 INTL 20190509)
[    0.000000] No NUMA configuration found
[    0.000000] Faking a node at [mem 0x0000000000000000-0x000000011fffffff]
[    0.000000] NODE_DATA(0) allocated [mem 0x11ffd1000-0x11fffbfff]
[    0.000000] kvm-clock: cpu 0, msr 1:1ff50001, primary cpu clock
[    0.000000] kvm-clock: Using msrs 4b564d01 and 4b564d00
[    0.000000] kvm-clock: using sched offset of 3057378698 cycles
[    0.000000] clocksource: kvm-clock: mask: 0xffffffffffffffff max_cycles: 0x1cd42e4dffb, max_idle_ns: 881590591483 ns
[    0.000000] Zone ranges:
[    0.000000]   DMA      [mem 0x0000000000001000-0x0000000000ffffff]
[    0.000000]   DMA32    [mem 0x0000000001000000-0x00000000ffffffff]
[    0.000000]   Normal   [mem 0x0000000100000000-0x000000011fffffff]
[    0.000000]   Device   empty
[    0.000000] Movable zone start for each node
[    0.000000] Early memory node ranges
[    0.000000]   node   0: [mem 0x0000000000001000-0x000000000009efff]
[    0.000000]   node   0: [mem 0x0000000000100000-0x00000000dffeffff]
[    0.000000]   node   0: [mem 0x0000000100000000-0x000000011fffffff]
[    0.000000] Reserved but unavailable: 98 pages
[    0.000000] Initmem setup node 0 [mem 0x0000000000001000-0x000000011fffffff]
[    0.000000] ACPI: PM-Timer IO Port: 0x4008
[    0.000000] IOAPIC[0]: apic_id 4, version 32, address 0xfec00000, GSI 0-23
[    0.000000] ACPI: INT_SRC_OVR (bus 0 bus_irq 0 global_irq 2 dfl dfl)
[    0.000000] ACPI: INT_SRC_OVR (bus 0 bus_irq 9 global_irq 9 low level)
[    0.000000] Using ACPI (MADT) for SMP configuration information
[    0.000000] smpboot: Allowing 4 CPUs, 0 hotplug CPUs
[    0.000000] PM: Registered nosave memory: [mem 0x00000000-0x00000fff]
[    0.000000] PM: Registered nosave memory: [mem 0x0009f000-0x0009ffff]
[    0.000000] PM: Registered nosave memory: [mem 0x000a0000-0x000effff]
[    0.000000] PM: Registered nosave memory: [mem 0x000f0000-0x000fffff]
[    0.000000] PM: Registered nosave memory: [mem 0xdfff0000-0xdfffffff]
[    0.000000] PM: Registered nosave memory: [mem 0xe0000000-0xfebfffff]
[    0.000000] PM: Registered nosave memory: [mem 0xfec00000-0xfec00fff]
[    0.000000] PM: Registered nosave memory: [mem 0xfec01000-0xfedfffff]
[    0.000000] PM: Registered nosave memory: [mem 0xfee00000-0xfee00fff]
[    0.000000] PM: Registered nosave memory: [mem 0xfee01000-0xfffbffff]
[    0.000000] PM: Registered nosave memory: [mem 0xfffc0000-0xffffffff]
[    0.000000] e820: [mem 0xe0000000-0xfebfffff] available for PCI devices
[    0.000000] Booting paravirtualized kernel on KVM
[    0.000000] clocksource: refined-jiffies: mask: 0xffffffff max_cycles: 0xffffffff, max_idle_ns: 7645519600211568 ns
[    0.000000] random: get_random_bytes called from start_kernel+0x99/0x500 with crng_init=0
[    0.000000] setup_percpu: NR_CPUS:8192 nr_cpumask_bits:4 nr_cpu_ids:4 nr_node_ids:1
[    0.000000] percpu: Embedded 45 pages/cpu s147456 r8192 d28672 u524288
[    0.000000] PV qspinlock hash table entries: 256 (order: 0, 4096 bytes)
[    0.000000] Built 1 zonelists, mobility grouping on.  Total pages: 1032057
[    0.000000] Policy zone: Normal
[    0.000000] Kernel command line: BOOT_IMAGE=/boot/vmlinuz-4.15.0-122-generic root=LABEL=cloudimg-rootfs ro console=tty1 console=ttyS0
[    0.000000] Memory: 4013280K/4193848K available (12300K kernel code, 2482K rwdata, 4272K rodata, 2436K init, 2724K bss, 180568K reserved, 0K cma-reserved)
[    0.000000] SLUB: HWalign=64, Order=0-3, MinObjects=0, CPUs=4, Nodes=1
[    0.000000] Kernel/User page tables isolation: enabled
[    0.000000] ftrace: allocating 39402 entries in 154 pages
[    0.004000] Hierarchical RCU implementation.
[    0.004000] 	RCU restricting CPUs from NR_CPUS=8192 to nr_cpu_ids=4.
[    0.004000] 	Tasks RCU enabled.
[    0.004000] RCU: Adjusting geometry for rcu_fanout_leaf=16, nr_cpu_ids=4
[    0.004000] NR_IRQS: 524544, nr_irqs: 456, preallocated irqs: 16
[    0.004000] Console: colour VGA+ 80x25
[    0.004000] console [tty1] enabled
[    0.004000] console [ttyS0] enabled
[    0.004000] ACPI: Core revision 20170831
[    0.004000] ACPI: 2 ACPI AML tables successfully acquired and loaded
[    0.004000] APIC: Switch to symmetric I/O mode setup
[    0.004000] x2apic enabled
[    0.004000] Switched APIC routing to physical x2apic.
[    0.004000] ..TIMER: vector=0x30 apic1=0 pin1=2 apic2=-1 pin2=-1
[    0.004000] tsc: Detected 3599.992 MHz processor
[    0.004000] Calibrating delay loop (skipped) preset value.. 7199.98 BogoMIPS (lpj=14399968)
[    0.004000] pid_max: default: 32768 minimum: 301
[    0.004021] Security Framework initialized
[    0.004448] Yama: becoming mindful.
[    0.004822] AppArmor: AppArmor initialized
[    0.006094] Dentry cache hash table entries: 524288 (order: 10, 4194304 bytes)
[    0.007171] Inode-cache hash table entries: 262144 (order: 9, 2097152 bytes)
[    0.008010] Mount-cache hash table entries: 8192 (order: 4, 65536 bytes)
[    0.008605] Mountpoint-cache hash table entries: 8192 (order: 4, 65536 bytes)
[    0.009424] Last level iTLB entries: 4KB 128, 2MB 8, 4MB 8
[    0.009938] Last level dTLB entries: 4KB 64, 2MB 0, 4MB 0, 1GB 4
[    0.010481] Spectre V1 : Mitigation: usercopy/swapgs barriers and __user pointer sanitization
[    0.011241] Spectre V2 : Mitigation: Full generic retpoline
[    0.011780] Spectre V2 : Spectre v2 / SpectreRSB mitigation: Filling RSB on context switch
[    0.012001] Speculative Store Bypass: Vulnerable
[    0.012486] SRBDS: Unknown: Dependent on hypervisor status
[    0.012987] MDS: Mitigation: Clear CPU buffers
[    0.013526] Freeing SMP alternatives memory: 36K
[    0.124114] smpboot: CPU0: Intel(R) Core(TM) i7-9700K CPU @ 3.60GHz (family: 0x6, model: 0x9e, stepping: 0xc)
[    0.125080] Performance Events: unsupported p6 CPU model 158 no PMU driver, software events only.
[    0.125886] Hierarchical SRCU implementation.
[    0.126786] NMI watchdog: Perf event create on CPU 0 failed with -2
[    0.127390] NMI watchdog: Perf NMI watchdog permanently disabled
[    0.127964] smp: Bringing up secondary CPUs ...
[    0.128438] x86: Booting SMP configuration:
[    0.128881] .... node  #0, CPUs:      #1
[    0.004000] kvm-clock: cpu 1, msr 1:1ff50041, secondary cpu clock
[    0.132053]  #2
[    0.004000] kvm-clock: cpu 2, msr 1:1ff50081, secondary cpu clock
[    0.134803]  #3
[    0.004000] kvm-clock: cpu 3, msr 1:1ff500c1, secondary cpu clock
[    0.136010] smp: Brought up 1 node, 4 CPUs
[    0.136463] smpboot: Max logical packages: 1
[    0.136871] smpboot: Total of 4 processors activated (28799.93 BogoMIPS)
[    0.140031] devtmpfs: initialized
[    0.140353] x86/mm: Memory block size: 128MB
[    0.140981] evm: security.selinux
[    0.141348] evm: security.SMACK64
[    0.141680] evm: security.SMACK64EXEC
[    0.142026] evm: security.SMACK64TRANSMUTE
[    0.142451] evm: security.SMACK64MMAP
[    0.142808] evm: security.apparmor
[    0.143143] evm: security.ima
[    0.143444] evm: security.capability
[    0.144033] clocksource: jiffies: mask: 0xffffffff max_cycles: 0xffffffff, max_idle_ns: 7645041785100000 ns
[    0.144953] futex hash table entries: 1024 (order: 4, 65536 bytes)
[    0.145597] pinctrl core: initialized pinctrl subsystem
[    0.146130] RTC time: 19:58:28, date: 11/04/20
[    0.146852] NET: Registered protocol family 16
[    0.148042] audit: initializing netlink subsys (disabled)
[    0.148677] audit: type=2000 audit(1604519912.947:1): state=initialized audit_enabled=0 res=1
[    0.148834] cpuidle: using governor ladder
[    0.148834] cpuidle: using governor menu
[    0.148834] ACPI: bus type PCI registered
[    0.149200] acpiphp: ACPI Hot Plug PCI Controller Driver version: 0.5
[    0.150613] PCI: Using configuration type 1 for base access
[    0.152025] HugeTLB registered 2.00 MiB page size, pre-allocated 0 pages
[    0.156056] ACPI: Added _OSI(Module Device)
[    0.156461] ACPI: Added _OSI(Processor Device)
[    0.156903] ACPI: Added _OSI(3.0 _SCP Extensions)
[    0.157326] ACPI: Added _OSI(Processor Aggregator Device)
[    0.157818] ACPI: Added _OSI(Linux-Dell-Video)
[    0.158315] ACPI: Added _OSI(Linux-Lenovo-NV-HDMI-Audio)
[    0.158897] ACPI: Added _OSI(Linux-HPI-Hybrid-Graphics)
[    0.159540] ACPI: Executed 1 blocks of module-level executable AML code
[    0.161946] ACPI: Interpreter enabled
[    0.162356] ACPI: (supports S0 S5)
[    0.162686] ACPI: Using IOAPIC for interrupt routing
[    0.163269] PCI: Using host bridge windows from ACPI; if necessary, use "pci=nocrs" and report a bug
[    0.164101] ACPI: Enabled 2 GPEs in block 00 to 07
[    0.168615] ACPI: PCI Root Bridge [PCI0] (domain 0000 [bus 00-ff])
[    0.169213] acpi PNP0A03:00: _OSC: OS supports [ASPM ClockPM Segments MSI]
[    0.170120] acpi PNP0A03:00: _OSC: not requesting OS control; OS requires [ExtendedConfig ASPM ClockPM MSI]
[    0.171005] acpi PNP0A03:00: fail to add MMCONFIG information, can't access extended PCI configuration space under this bridge.
[    0.172222] PCI host bridge to bus 0000:00
[    0.172755] pci_bus 0000:00: root bus resource [io  0x0000-0x0cf7 window]
[    0.173362] pci_bus 0000:00: root bus resource [io  0x0d00-0xffff window]
[    0.173963] pci_bus 0000:00: root bus resource [mem 0x000a0000-0x000bffff window]
[    0.174636] pci_bus 0000:00: root bus resource [mem 0xe0000000-0xfdffffff window]
[    0.175364] pci_bus 0000:00: root bus resource [bus 00-ff]
[    0.176966] pci 0000:00:01.1: legacy IDE quirk: reg 0x10: [io  0x01f0-0x01f7]
[    0.177630] pci 0000:00:01.1: legacy IDE quirk: reg 0x14: [io  0x03f6]
[    0.178248] pci 0000:00:01.1: legacy IDE quirk: reg 0x18: [io  0x0170-0x0177]
[    0.179024] pci 0000:00:01.1: legacy IDE quirk: reg 0x1c: [io  0x0376]
[    0.204366] pci 0000:00:07.0: quirk: [io  0x4000-0x403f] claimed by PIIX4 ACPI
[    0.205086] pci 0000:00:07.0: quirk: [io  0x4100-0x410f] claimed by PIIX4 SMB
[    0.220938] ACPI: PCI Interrupt Link [LNKA] (IRQs 5 9 10 *11)
[    0.221697] ACPI: PCI Interrupt Link [LNKB] (IRQs 5 9 *10 11)
[    0.222302] ACPI: PCI Interrupt Link [LNKC] (IRQs 5 *9 10 11)
[    0.222909] ACPI: PCI Interrupt Link [LNKD] (IRQs 5 9 10 *11)
[    0.223658] SCSI subsystem initialized
[    0.224031] pci 0000:00:02.0: vgaarb: setting as boot VGA device
[    0.224568] pci 0000:00:02.0: vgaarb: VGA device added: decodes=io+mem,owns=io+mem,locks=none
[    0.225348] pci 0000:00:02.0: vgaarb: bridge control possible
[    0.225871] vgaarb: loaded
[    0.226179] ACPI: bus type USB registered
[    0.226629] usbcore: registered new interface driver usbfs
[    0.227144] usbcore: registered new interface driver hub
[    0.227667] usbcore: registered new device driver usb
[    0.228040] EDAC MC: Ver: 3.0.0
[    0.228507] PCI: Using ACPI for IRQ routing
[    0.228604] NetLabel: Initializing
[    0.228960] NetLabel:  domain hash size = 128
[    0.229439] NetLabel:  protocols = UNLABELED CIPSOv4 CALIPSO
[    0.230697] NetLabel:  unlabeled traffic allowed by default
[    0.231900] clocksource: Switched to clocksource kvm-clock
[    0.235478] VFS: Disk quotas dquot_6.6.0
[    0.235933] VFS: Dquot-cache hash table entries: 512 (order 0, 4096 bytes)
[    0.236617] AppArmor: AppArmor Filesystem Enabled
[    0.237084] pnp: PnP ACPI init
[    0.237933] pnp: PnP ACPI: found 3 devices
[    0.245448] clocksource: acpi_pm: mask: 0xffffff max_cycles: 0xffffff, max_idle_ns: 2085701024 ns
[    0.246293] NET: Registered protocol family 2
[    0.246799] TCP established hash table entries: 32768 (order: 6, 262144 bytes)
[    0.247508] TCP bind hash table entries: 32768 (order: 7, 524288 bytes)
[    0.248539] TCP: Hash tables configured (established 32768 bind 32768)
[    0.249179] UDP hash table entries: 2048 (order: 4, 65536 bytes)
[    0.249713] UDP-Lite hash table entries: 2048 (order: 4, 65536 bytes)
[    0.250299] NET: Registered protocol family 1
[    0.250752] pci 0000:00:00.0: Limiting direct PCI/PCI transfers
[    0.251285] pci 0000:00:01.0: Activating ISA DMA hang workarounds
[    0.251859] pci 0000:00:02.0: Video device with shadowed ROM at [mem 0x000c0000-0x000dffff]
[    0.252676] Unpacking initramfs...
[    0.421423] Freeing initrd memory: 19216K
[    0.421910] PCI-DMA: Using software bounce buffering for IO (SWIOTLB)
[    0.422519] software IO TLB: mapped [mem 0xdbff0000-0xdfff0000] (64MB)
[    0.423160] clocksource: tsc: mask: 0xffffffffffffffff max_cycles: 0x33e44bc06cb, max_idle_ns: 440795255742 ns
[    0.424115] platform rtc_cmos: registered platform RTC device (no PNP device found)
[    0.424811] Scanning for low memory corruption every 60 seconds
[    0.425786] Initialise system trusted keyrings
[    0.426252] Key type blacklist registered
[    0.426752] workingset: timestamp_bits=36 max_order=20 bucket_order=0
[    0.427856] zbud: loaded
[    0.428512] squashfs: version 4.0 (2009/01/31) Phillip Lougher
[    0.429223] fuse init (API version 7.26)
[    1.441062] Key type asymmetric registered
[    1.443576] Asymmetric key parser 'x509' registered
[    1.446577] Block layer SCSI generic (bsg) driver version 0.4 loaded (major 246)
[    1.451315] io scheduler noop registered
[    1.453772] io scheduler deadline registered
[    1.456408] io scheduler cfq registered (default)
[    1.463061] ACPI: AC Adapter [AC] (on-line)
[    1.465729] input: Power Button as /devices/LNXSYSTM:00/LNXPWRBN:00/input/input0
[    1.468961] ACPI: Power Button [PWRF]
[    1.470562] input: Sleep Button as /devices/LNXSYSTM:00/LNXSLPBN:00/input/input1
[    1.472689] ACPI: Sleep Button [SLPF]
[    1.474680] Serial: 8250/16550 driver, 32 ports, IRQ sharing enabled
[    1.497214] 00:02: ttyS0 at I/O 0x3f8 (irq = 4, base_baud = 115200) is a 16550A
[    1.500651] Linux agpgart interface v0.103
[    1.502593] loop: module loaded
[    1.503405] scsi host0: ata_piix
[    1.504031] scsi host1: ata_piix
[    1.504447] ata1: PATA max UDMA/33 cmd 0x1f0 ctl 0x3f6 bmdma 0xd000 irq 14
[    1.505222] ata2: PATA max UDMA/33 cmd 0x170 ctl 0x376 bmdma 0xd008 irq 15
[    1.505964] libphy: Fixed MDIO Bus: probed
[    1.506413] tun: Universal TUN/TAP device driver, 1.6
[    1.507012] PPP generic driver version 2.4.2
[    1.507549] ehci_hcd: USB 2.0 'Enhanced' Host Controller (EHCI) Driver
[    1.508217] ehci-pci: EHCI PCI platform driver
[    1.508688] ehci-platform: EHCI generic platform driver
[    1.509273] ohci_hcd: USB 1.1 'Open' Host Controller (OHCI) Driver
[    1.509909] ohci-pci: OHCI PCI platform driver
[    1.510366] ohci-platform: OHCI generic platform driver
[    1.510880] uhci_hcd: USB Universal Host Controller Interface driver
[    1.511502] i8042: PNP: PS/2 Controller [PNP0303:PS2K,PNP0f03:PS2M] at 0x60,0x64 irq 1,12
[    1.512634] serio: i8042 KBD port at 0x60,0x64 irq 1
[    1.513133] serio: i8042 AUX port at 0x60,0x64 irq 12
[    1.513815] mousedev: PS/2 mouse device common for all mice
[    1.515128] rtc_cmos rtc_cmos: rtc core: registered rtc_cmos as rtc0
[    1.515780] rtc_cmos rtc_cmos: alarms up to one day, 114 bytes nvram
[    1.516390] input: AT Translated Set 2 keyboard as /devices/platform/i8042/serio0/input/input2
[    1.517178] i2c /dev entries driver
[    1.517633] device-mapper: uevent: version 1.0.3
[    1.518156] device-mapper: ioctl: 4.37.0-ioctl (2017-09-20) initialised: dm-devel@redhat.com
[    1.519091] ledtrig-cpu: registered to indicate activity on CPUs
[    1.519887] NET: Registered protocol family 10
[    1.523479] Segment Routing with IPv6
[    1.523878] NET: Registered protocol family 17
[    1.524475] Key type dns_resolver registered
[    1.525318] mce: Using 0 MCE banks
[    1.525679] RAS: Correctable Errors collector initialized.
[    1.526200] sched_clock: Marking stable (1525302115, 0)->(1645990605, -120688490)
[    2.038485] registered taskstats version 1
[    2.038999] Loading compiled-in X.509 certificates
[    2.041526] Loaded X.509 cert 'Build time autogenerated kernel key: 1ac9abf9980c816fb9cfffb58ec8b2f33f2baf04'
[    2.042457] zswap: loaded using pool lzo/zbud
[    2.045778] Key type big_key registered
[    2.046200] Key type trusted registered
[    2.048003] Key type encrypted registered
[    2.048462] AppArmor: AppArmor sha1 policy hashing enabled
[    2.048957] ima: No TPM chip found, activating TPM-bypass! (rc=-19)
[    2.049532] ima: Allocated hash algorithm: sha1
[    2.049954] evm: HMAC attrs: 0x1
[    2.050446]   Magic number: 12:788:1000
[    2.050871] misc memory_bandwidth: hash matches
[    2.051339] serial 00:02: hash matches
[    2.051845] rtc_cmos rtc_cmos: setting system clock to 2020-11-04 19:58:30 UTC (1604519910)
[    2.053217] BIOS EDD facility v0.16 2004-Jun-25, 0 devices found
[    2.053807] EDD information not available.
[    2.055738] Freeing unused kernel image memory: 2436K
[    2.072310] Write protecting the kernel read-only data: 20480k
[    2.577233] Freeing unused kernel image memory: 2008K
[    2.578036] Freeing unused kernel image memory: 1872K
[    2.582731] x86/mm: Checked W+X mappings: passed, no W+X pages found.
[    2.583357] x86/mm: Checking user space page tables
[    2.587780] x86/mm: Checked W+X mappings: passed, no W+X pages found.
Loading, please wait...
starting version 237
[    2.622714] e1000: Intel(R) PRO/1000 Network Driver - version 7.3.21-k8-NAPI
[    2.623415] e1000: Copyright (c) 1999-2006 Intel Corporation.
[    2.624945] Fusion MPT base driver 3.04.20
[    2.625374] Copyright (c) 1999-2008 LSI Corporation
[    2.628839] Fusion MPT SPI Host driver 3.04.20
[    2.638578] AVX2 version of gcm_enc/dec engaged.
[    2.639112] AES CTR mode by8 optimization enabled
[    2.832869] input: ImExPS/2 Generic Explorer Mouse as /devices/platform/i8042/serio1/input/input4
[    2.973252] e1000 0000:00:03.0 eth0: (PCI:33MHz:32-bit) 02:f4:bf:d4:31:5d
[    2.974026] e1000 0000:00:03.0 eth0: Intel(R) PRO/1000 Network Connection
[    3.310358] e1000 0000:00:08.0 eth1: (PCI:33MHz:32-bit) 08:00:27:0f:78:83
[    3.311064] e1000 0000:00:08.0 eth1: Intel(R) PRO/1000 Network Connection
[    3.312467] e1000 0000:00:03.0 enp0s3: renamed from eth0
[    3.313038] mptbase: ioc0: Initiating bringup
[    3.332186] e1000 0000:00:08.0 enp0s8: renamed from eth1
[    3.456557] ioc0: LSI53C1030 A0: Capabilities={Initiator}
[    5.478505] scsi host2: ioc0: LSI53C1030 A0, FwRev=00000000h, Ports=1, MaxQ=256, IRQ=20
[    8.813616] scsi 2:0:0:0: Direct-Access     VBOX     HARDDISK         1.0  PQ: 0 ANSI: 5
[    9.126368] scsi target2:0:0: Beginning Domain Validation
[    9.138250] scsi target2:0:0: Domain Validation skipping write tests
[    9.142765] scsi target2:0:0: Ending Domain Validation
[    9.146064] scsi target2:0:0: asynchronous
[    9.152022] scsi 2:0:1:0: Direct-Access     VBOX     HARDDISK         1.0  PQ: 0 ANSI: 5
[   11.443491] scsi target2:0:1: Beginning Domain Validation
[   11.445951] random: fast init done
[   11.445952] scsi target2:0:1: Domain Validation skipping write tests
[   11.447196] scsi target2:0:1: Ending Domain Validation
[   11.447752] scsi target2:0:1: asynchronous
[   11.450298] random: systemd-udevd: uninitialized urandom read (16 bytes read)
[   11.450299] sd 2:0:0:0: Attached scsi generic sg0 type 0
[   11.450490] sd 2:0:1:0: Attached scsi generic sg1 type 0
[   11.450970] random: systemd-udevd: uninitialized urandom read (16 bytes read)
[   11.451466] sd 2:0:1:0: [sdb] 20480 512-byte logical blocks: (10.5 MB/10.0 MiB)
[   11.452000] random: systemd-udevd: uninitialized urandom read (16 bytes read)
[   11.452731] sd 2:0:1:0: [sdb] Write Protect is off
[   11.453344] sd 2:0:0:0: [sda] 20971520 512-byte logical blocks: (10.7 GB/10.0 GiB)
[   11.454625] sd 2:0:0:0: [sda] Write Protect is off
[   11.455365] sd 2:0:1:0: [sdb] Incomplete mode parameter data
[   11.456191] sd 2:0:1:0: [sdb] Assuming drive cache: write through
[   11.456525] sd 2:0:0:0: [sda] Incomplete mode parameter data
[   11.457366] sd 2:0:0:0: [sda] Assuming drive cache: write through
[   11.458750]  sda: sda1
[   11.458800] sd 2:0:1:0: [sdb] Attached SCSI disk
[   11.459693] sd 2:0:0:0: [sda] Attached SCSI disk
Begin: Loading essential drivers ... [   15.100053] raid6: sse2x1   gen() 17312 MB/s
[   15.148050] raid6: sse2x1   xor() 12692 MB/s
[   15.196053] raid6: sse2x2   gen() 21851 MB/s
[   15.244083] raid6: sse2x2   xor() 14699 MB/s
[   15.292051] raid6: sse2x4   gen() 24569 MB/s
[   15.340048] raid6: sse2x4   xor() 15708 MB/s
[   15.388049] raid6: avx2x1   gen() 34223 MB/s
[   15.436050] raid6: avx2x1   xor() 24333 MB/s
[   15.484050] raid6: avx2x2   gen() 40460 MB/s
[   15.532049] raid6: avx2x2   xor() 26582 MB/s
[   15.580050] raid6: avx2x4   gen() 48515 MB/s
[   15.628052] raid6: avx2x4   xor() 29706 MB/s
[   15.628512] raid6: using algorithm avx2x4 gen() 48515 MB/s
[   15.629004] raid6: .... xor() 29706 MB/s, rmw enabled
[   15.629563] raid6: using avx2x2 recovery algorithm
[   15.630958] xor: automatically using best checksumming function   avx       
[   15.632531] async_tx: api initialized (async)
done.
Begin: Running /scripts/init-premount ... done.
Begin: Mounting root file system ... Begin: Running /scripts/local-top ... done.
Begin: Running /scripts/local-premount ... [   16.158434] Btrfs loaded, crc32c=crc32c-intel
Scanning for Btrfs filesystems
done.
Warning: fsck not present, so skipping root file system
[   16.176204] EXT4-fs (sda1): mounted filesystem with ordered data mode. Opts: (null)
done.
Begin: Running /scripts/local-bottom ... done.
Begin: Running /scripts/init-bottom ... done.
[   16.438452] ip_tables: (C) 2000-2006 Netfilter Core Team
[   16.946660] systemd[1]: systemd 237 running in system mode. (+PAM +AUDIT +SELINUX +IMA +APPARMOR +SMACK +SYSVINIT +UTMP +LIBCRYPTSETUP +GCRYPT +GNUTLS +ACL +XZ +LZ4 +SECCOMP +BLKID +ELFUTILS +KMOD -IDN2 +IDN -PCRE2 default-hierarchy=hybrid)
[   16.948584] systemd[1]: Detected virtualization oracle.
[   16.949104] systemd[1]: Detected architecture x86-64.

Welcome to [1mUbuntu 18.04.5 LTS[0m!

[   16.954719] systemd[1]: Set hostname to <ubuntu>.
[   16.957503] systemd[1]: Initializing machine ID from random generator.
[   16.958138] systemd[1]: Installed transient /etc/machine-id file.
[   18.697760] systemd[1]: Set up automount Arbitrary Executable File Formats File System Automount Point.
[[0;32m  OK  [0m] Set up automount Arbitrary Executab…rmats File System Automount Point.
[   18.700824] systemd[1]: Reached target User and Group Name Lookups.
[[0;32m  OK  [0m] Reached target User and Group Name Lookups.
[   18.702858] systemd[1]: Started Forward Password Requests to Wall Directory Watch.
[[0;32m  OK  [0m] Started Forward Password Requests to Wall Directory Watch.
[   18.705299] systemd[1]: Reached target System Time Synchronized.
[[0;32m  OK  [0m] Reached target System Time Synchronized.
[[0;32m  OK  [0m] Created slice System Slice.
[[0;32m  OK  [0m] Listening on Network Service Netlink Socket.
[[0;32m  OK  [0m] Listening on Syslog Socket.
[[0;32m  OK  [0m] Listening on Device-mapper event daemon FIFOs.
[[0;32m  OK  [0m] Listening on Journal Socket.
         Starting Uncomplicated firewall...
         Mounting POSIX Message Queue File System...
         Starting Create list of required st…ce nodes for the current kernel...
[[0;32m  OK  [0m] Listening on /dev/initctl Compatibility Named Pipe.
         Mounting Huge Pages File System...
[[0;32m  OK  [0m] Listening on Journal Socket (/dev/log).
         Starting Set the console keyboard layout...
         Mounting Kernel Debug File System...
         Starting Load Kernel Modules...
[[0;32m  OK  [0m] Listening on udev Kernel Socket.
[[0;32m  OK  [0m] Listening on udev Control Socket.
         Starting udev Coldplug all Devices...
         Starting Remount Root and Kernel File Systems...
[[0;32m  OK  [0m] Created slice system-serial\x2dgetty.slice.
[[0;32m  OK  [0m] Listening on Journal Audit Socket.
         Starting Journal Service...
[[0;32m  OK  [0m] Listening on LVM2 metadata daemon socket.
         Starting Monitoring of LVM2 mirrors…ng dmeventd or progress polling...
[   19.307395] Loading iSCSI transport class v2.0-870.
[[0;32m  OK  [0m] Listening on LVM2 poll daemon socket.
[[0;32m  OK  [0m] Created slice User and Session Slice.
[[0;32m  OK  [0m] Reached target Slices.
[[0;32m  OK  [0m] Reached target Swap.
[[0;32m  OK  [0m] Started Uncomplicated firewall.
[[0;32m  OK  [0m] Mounted POSIX Message Queue File System.
[[0;32m  OK  [0m] Started Create list of required sta…vice nodes for the current kernel.
[[0;32m  OK  [0m] Mounted Huge Pages File System.
[[0;32m  OK  [0m] Mounted Kernel Debug File System.
         Starting Create Static Device Nodes in /dev...
[   19.317816] iscsi: registered transport (tcp)
[   19.330937] iscsi: registered transport (iser)
[[0;32m  OK  [0m] Started Load Kernel Modules.
         Mounting Kernel Configuration File System...
         Starting Apply Kernel Variables...
         Mounting FUSE Control File System...
[[0;32m  OK  [0m] Mounted Kernel Configuration File System.
[[0;32m  OK  [0m] Mounted FUSE Control File System.
[[0;32m  OK  [0m] Started LVM2 metadata daemon.
[[0;32m  OK  [0m] Started udev Coldplug all Devices.
[[0;32m  OK  [0m] Started Journal Service.
[[0;32m  OK  [0m] Started Create Static Device Nodes in /dev.
[[0;32m  OK  [0m] Started Remount Root and Kernel File Systems.
         Starting udev Kernel Device Manager...
         Starting Load/Save Random Seed...
         Starting Flush Journal to Persistent Storage...
[[0;32m  OK  [0m] Started Monitoring of LVM2 mirrors,…sing dmeventd or progress polling.
[[0;32m  OK  [0m] Started Apply Kernel Variables.
[[0;32m  OK  [0m] Started Set the console keyboard layout.
[[0;32m  OK  [0m] Reached target Local File Systems (Pre).
[[0;32m  OK  [0m] Reached target Local File Systems.
         Starting Set console font and keymap...
         Starting Commit a transient machine-id on disk...
         Starting AppArmor initialization...
         Starting ebtables ruleset management...
         Starting Tell Plymouth To Write Out Runtime Data...
[[0;32m  OK  [0m] Started udev Kernel Device Manager.
[[0;32m  OK  [0m] Started Dispatch Password Requests to Console Directory Watch.
[[0;32m  OK  [0m] Reached target Local Encrypted Volumes.
[[0;32m  OK  [0m] Started Load/Save Random Seed.
[[0;32m  OK  [0m] Started Set console font and keymap.
[[0;32m  OK  [0m] Started Tell Plymouth To Write Out Runtime Data.
[[0;32m  OK  [0m] Started Flush Journal to Persistent Storage.
         Starting Create Volatile Files and Directories...
[[0;32m  OK  [0m] Started Commit a transient machine-id on disk.
[[0;32m  OK  [0m] Started Create Volatile Files and Directories.
         Starting Update UTMP about System Boot/Shutdown...
[[0;32m  OK  [0m] Started Update UTMP about System Boot/Shutdown.
[[0;32m  OK  [0m] Found device /dev/ttyS0.
[[0;32m  OK  [0m] Started ebtables ruleset management.
[[0;32m  OK  [0m] Listening on Load/Save RF Kill Switch Status /dev/rfkill Watch.
[[0;32m  OK  [0m] Started AppArmor initialization.
         Starting Load AppArmor profiles managed internally by snapd...
         Starting Initial cloud-init job (pre-networking)...
[[0;32m  OK  [0m] Started Load AppArmor profiles managed internally by snapd.
[   20.971584] cloud-init[584]: Cloud-init v. 20.3-2-g371b392c-0ubuntu1~18.04.1 running 'init-local' at Wed, 04 Nov 2020 19:58:49 +0000. Up 20.57 seconds.
[[0;32m  OK  [0m] Started Initial cloud-init job (pre-networking).
[[0;32m  OK  [0m] Reached target Network (Pre).
         Starting Network Service...
[[0;32m  OK  [0m] Started Network Service.
         Starting Wait for Network to be Configured...
         Starting Network Name Resolution...
[[0;32m  OK  [0m] Started Network Name Resolution.
[[0;32m  OK  [0m] Reached target Network.
[[0;32m  OK  [0m] Reached target Host and Network Name Lookups.
[[0;32m  OK  [0m] Started Wait for Network to be Configured.
         Starting Initial cloud-init job (metadata service crawler)...
[   23.067674] cloud-init[706]: Cloud-init v. 20.3-2-g371b392c-0ubuntu1~18.04.1 running 'init' at Wed, 04 Nov 2020 19:58:51 +0000. Up 22.99 seconds.
[   23.068434] cloud-init[706]: ci-info: ++++++++++++++++++++++++++++++++++++++Net device info+++++++++++++++++++++++++++++++++++++++
[   23.069155] cloud-init[706]: ci-info: +--------+-------+----------------------------+---------------+--------+-------------------+
[   23.069956] cloud-init[706]: ci-info: | Device |   Up  |          Address           |      Mask     | Scope  |     Hw-Address    |
[   23.070781] cloud-init[706]: ci-info: +--------+-------+----------------------------+---------------+--------+-------------------+
[   23.080167] cloud-init[706]: ci-info: | enp0s3 |  True |         10.0.2.15          | 255.255.255.0 | global | 02:f4:bf:d4:31:5d |
[   23.081080] cloud-init[706]: ci-info: | enp0s3 |  True | fe80::f4:bfff:fed4:315d/64 |       .       |  link  | 02:f4:bf:d4:31:5d |
[   23.081808] cloud-init[706]: ci-info: | enp0s8 | False |             .              |       .       |   .    | 08:00:27:0f:78:83 |
[   23.082742] cloud-init[706]: ci-info: |   lo   |  True |         127.0.0.1          |   255.0.0.0   |  host  |         .         |
[   23.083449] cloud-init[706]: ci-info: |   lo   |  True |          ::1/128           |       .       |  host  |         .         |
[   23.084172] cloud-init[706]: ci-info: +--------+-------+----------------------------+---------------+--------+-------------------+
[   23.084879] cloud-init[706]: ci-info: ++++++++++++++++++++++++++++Route IPv4 info+++++++++++++++++++++++++++++
[   23.085606] cloud-init[706]: ci-info: +-------+-------------+----------+-----------------+-----------+-------+
[   23.086139] cloud-init[706]: ci-info: | Route | Destination | Gateway  |     Genmask     | Interface | Flags |
[   23.086789] cloud-init[706]: ci-info: +-------+-------------+----------+-----------------+-----------+-------+
[   23.087493] cloud-init[706]: ci-info: |   0   |   0.0.0.0   | 10.0.2.2 |     0.0.0.0     |   enp0s3  |   UG  |
[   23.088059] cloud-init[706]: ci-info: |   1   |   10.0.2.0  | 0.0.0.0  |  255.255.255.0  |   enp0s3  |   U   |
[   23.088744] cloud-init[706]: ci-info: |   2   |   10.0.2.2  | 0.0.0.0  | 255.255.255.255 |   enp0s3  |   UH  |
[   23.089290] cloud-init[706]: ci-info: +-------+-------------+----------+-----------------+-----------+-------+
[   23.089972] cloud-init[706]: ci-info: +++++++++++++++++++Route IPv6 info+++++++++++++++++++
[   23.090435] cloud-init[706]: ci-info: +-------+-------------+---------+-----------+-------+
[   23.090975] cloud-init[706]: ci-info: | Route | Destination | Gateway | Interface | Flags |
[   23.091504] cloud-init[706]: ci-info: +-------+-------------+---------+-----------+-------+
[   23.092046] cloud-init[706]: ci-info: |   1   |  fe80::/64  |    ::   |   enp0s3  |   U   |
[   23.092534] cloud-init[706]: ci-info: |   3   |    local    |    ::   |   enp0s3  |   U   |
[   23.093049] cloud-init[706]: ci-info: |   4   |   ff00::/8  |    ::   |   enp0s3  |   U   |
[   23.093550] cloud-init[706]: ci-info: +-------+-------------+---------+-----------+-------+
[   24.389879] cloud-init[706]: Generating public/private rsa key pair.
[   24.390382] cloud-init[706]: Your identification has been saved in /etc/ssh/ssh_host_rsa_key.
[   24.391007] cloud-init[706]: Your public key has been saved in /etc/ssh/ssh_host_rsa_key.pub.
[   24.391585] cloud-init[706]: The key fingerprint is:
[   24.391891] cloud-init[706]: SHA256:Y3PquXey/IQnmfcU6hyoz2O+824zUCw5wzLyiLuHJMc root@ubuntu-bionic
[   24.392341] cloud-init[706]: The key's randomart image is:
[   24.392700] cloud-init[706]: +---[RSA 2048]----+
[   24.393043] cloud-init[706]: |                 |
[   24.393411] cloud-init[706]: |                 |
[   24.393623] cloud-init[706]: |         . o     |
[   24.394193] cloud-init[706]: |      . o * o    |
[   24.408354] cloud-init[706]: |   . . +So.=  .  |
[   24.408678] cloud-init[706]: |  . E ...=.= . . |
[   24.409074] cloud-init[706]: |   + o  . *.* .  |
[   24.409453] cloud-init[706]: |    o .. =*B=+   |
[   24.409764] cloud-init[706]: |    .o  =*B%*o.  |
[   24.410188] cloud-init[706]: +----[SHA256]-----+
[   24.410523] cloud-init[706]: Generating public/private dsa key pair.
[   24.410972] cloud-init[706]: Your identification has been saved in /etc/ssh/ssh_host_dsa_key.
[   24.411498] cloud-init[706]: Your public key has been saved in /etc/ssh/ssh_host_dsa_key.pub.
[   24.412021] cloud-init[706]: The key fingerprint is:
[   24.412380] cloud-init[706]: SHA256:hhxH8CVIVUClOhcs+oUJVv69XkWLxubOpcPfILtfaZA root@ubuntu-bionic
[   24.412954] cloud-init[706]: The key's randomart image is:
[   24.413307] cloud-init[706]: +---[DSA 1024]----+
[[0;32m  OK  [0m] Started Initial cloud-init job (metadata service crawler).
[   24.413711] cloud-init[706]: |     .+=*++      |
[   24.414408] cloud-init[706]: |     o.+ +       |
[[0;32m  OK  [0m] [   24.414449] Reached target Network is Online.cloud-init
[706]: |    o + *     .  |
[   24.424295]          cloud-initStarting Availability of block devices...[706]: 
|   . + X o . o.. |
[   24.425020] [cloud-init[0;32m  OK  [0m[706]: ] |    . B S . =Eo  |Reached target Remote File Systems (Pre).

[   24.425627] cloud-init[706]: |     . =   = .. .|
[[0;32m  OK  [0m] Reached target Remote File Systems.
[   24.425666] cloud-init[706]: |      .   ..+ oo.|
[   24.426480] cloud-init[706]: |         . +o=.+ |
[   24.426796] [cloud-init[0;32m  OK  [0m[706]: ] |          . *=o .|Reached target System Initialization.

[   24.427411] cloud-init[706]: +----[SHA256]-----+
[   24.427710] cloud-init[706]: Generating public/private ecdsa key pair.
[   24.428136] cloud-init[706]: Your identification has been saved in /etc/ssh/ssh_host_ecdsa_key.
[[0;32m  OK  [0m] Started ACPI Events Check.
[   24.428178] cloud-init[706]: Your public key has been saved in /etc/ssh/ssh_host_ecdsa_key.pub.
[[0;32m  OK  [0m] Reached target Paths.
[   24.428951] cloud-init[706]: The key fingerprint is:
[[0;32m  OK  [0m] Started Message of the Day.
[[0;32m  OK  [0m] Listening on ACPID Listen Socket.
[[   24.430020] [0;32m  OK  [0mcloud-init] [706]: Started Daily Cleanup of Temporary Directories.SHA256:606lnYdEe7IKYx2yIodw3kKqokV0KhUc69Ci/PMfCPA root@ubuntu-bionic

         Starting Socket activation for snappy daemon.
[   24.431580] cloud-init[706]: The key's randomart image is:
[[   24.432272] [0;32m  OK  [0mcloud-init] [706]: Listening on D-Bus System Message Bus Socket.+---[ECDSA 256]---+

[   24.432937] [cloud-init[0;32m  OK  [0m[706]: ] | .o.             |Listening on Open-iSCSI iscsid Socket.

[[0;32m  OK  [0m] Started Discard unused blocks once a week.
[   24.433455] cloud-init[706]: | ..o             |
[   24.444766] [cloud-init[0;32m  OK  [0m[706]: ] |o.= .     .      |Started Daily apt download activities.

[[0;32m  OK  [0m] Started Daily apt upgrade and clean activities.
[[0;32m  OK  [0m] [   24.445435] Reached target Timers.
cloud-init[706]: |o*oo     . .     |
[   24.456880] [cloud-init[0;32m  OK  [0m[706]: ] |+.*E  . S = .    |Listening on UUID daemon activation socket.

[   24.457680] cloud-init[706]: | O.o. .+ B *     |
[   24.458051] cloud-init[706]: |. *o+.=.= = .    |
         Starting LXD - unix socket.
[   24.458098] cloud-init[706]: |o. +oo =.. .     |
[   24.459266] [cloud-init[0;32m  OK  [0m[706]: ] |=    ..o+        |Reached target Cloud-config availability.

[[0;32m  OK  [0m] Started Availability of block devices.
[   24.460132] cloud-init[706]: +----[SHA256]-----+
[[0;32m  OK  [0m] Listening on Socket activation for snappy daemon.
[   24.460778] cloud-init[706]: Generating public/private ed25519 key pair.
[[0;32m  OK  [0m] Listening on LXD - unix socket.
[   24.461341] cloud-init[706]: Your identification has been saved in /etc/ssh/ssh_host_ed25519_key.
[   24.462566] [cloud-init[0;32m  OK  [0m[706]: ] Your public key has been saved in /etc/ssh/ssh_host_ed25519_key.pub.Reached target Sockets.

[   24.463521] [cloud-init[0;32m  OK  [0m[706]: ] The key fingerprint is:Reached target Basic System.

[   24.464355] cloud-init[706]: SHA256:fsv9Ve3sM+mnGSE4Fj7Kcw7ruWRXpuTrRp1SD/+kWNE root@ubuntu-bionic
         Starting Login Service...
[   24.465075] cloud-init[706]: The key's randomart image is:
[   24.465662] cloud-init[706]: +--[ED25519 256]--+
         Starting System Logging Service...
[   24.466585] cloud-init[706]: |                 |
[[0;32m  OK  [0m] Started Deferred execution scheduler.
[   24.467475] cloud-init[706]: |                 |
[   24.480309] cloud-init[706]: |          .    . |
[   24.480601] cloud-init[706]: |         . oo . E|
[   24.481029] cloud-init[706]: |        S Bo+=..o|
[   24.481370] cloud-init[706]: |       o =o*o.++o|
[   24.481734] cloud-init[706]: |        O.*. o.+=|
[   24.482063] cloud-init[706]: |       o @.+. .Oo|
[   24.482748] cloud-init[706]: |       .=+* ..=o=|
[   24.482970] cloud-init[706]: +----[SHA256]-----+
         Starting Dispatcher daemon for systemd-networkd...
[[0;32m  OK  [0m] Started Regular background program processing daemon.
[[0;32m  OK  [0m] Started irqbalance daemon.
         Starting Pollinate to seed the pseudo random number generator...
         Starting LSB: automatic crash report generation...
[[0;32m  OK  [0m] Started FUSE filesystem for LXC.
         Starting Virtualbox guest utils...
[[0;32m  OK  [0m] Started D-Bus System Message Bus.
         Starting Accounts Service...
         Starting Permit User Sessions...
         Starting LXD - container startup/shutdown...
         Starting LSB: Record successful boot for GRUB...
         Starting Snap Daemon...
[[0;32m  OK  [0m] Started System Logging Service.
[[0;32m  OK  [0m] Started Permit User Sessions.
[[0;32m  OK  [0m] Started Login Service.
         Starting Authorization Manager...
[[0;32m  OK  [0m] Started Unattended Upgrades Shutdown.
         Starting Hold until boot process finishes up...
         Starting Terminate Plymouth Boot Screen...
[[0;32m  OK  [0m] Started Hold until boot process finishes up.
         Starting Set console scheme...
[[0;32m  OK  [0m] Started Serial Getty on ttyS0.
[[0;32m  OK  [0m] Started Terminate Plymouth Boot Screen.
[[0;32m  OK  [0m] Started LSB: automatic crash report generation.
[[0;32m  OK  [0m] Started Authorization Manager.
[[0;32m  OK  [0m] Started Accounts Service.
[[0;32m  OK  [0m] Started Set console scheme.
[[0;32m  OK  [0m] Created slice system-getty.slice.
[[0;32m  OK  [0m] Started Getty on tty1.
[[0;32m  OK  [0m] Reached target Login Prompts.
[[0;32m  OK  [0m] Started Dispatcher daemon for systemd-networkd.
[[0;32m  OK  [0m] Started LSB: Record successful boot for GRUB.
[[0;32m  OK  [0m] Started LXD - container startup/shutdown.
[[0;32m  OK  [0m] Started Virtualbox guest utils.
[[0;32m  OK  [0m] Started Snap Daemon.
         Starting Wait until snapd is fully seeded...
[[0;32m  OK  [0m] Started Pollinate to seed the pseudo random number generator.
         Starting OpenBSD Secure Shell server...
[[0;32m  OK  [0m] Started OpenBSD Secure Shell server.
[[0;32m  OK  [0m] Created slice User Slice of vagrant.
         Starting User Manager for UID 1000...
[[0;32m  OK  [0m] Started Session 1 of user vagrant.
[[0;32m  OK  [0m] Started User Manager for UID 1000.
[[0;32m  OK  [0m] Started Wait until snapd is fully seeded.
[[0;32m  OK  [0m] Reached target Multi-User System.
[[0;32m  OK  [0m] Reached target Graphical Interface.
         Starting Update UTMP about System Runlevel Changes...
         Starting Apply the settings specified in cloud-config...
[[0;32m  OK  [0m] Started Update UTMP about System Runlevel Changes.
[   30.281776] cloud-init[1447]: Cloud-init v. 20.3-2-g371b392c-0ubuntu1~18.04.1 running 'modules:config' at Wed, 04 Nov 2020 19:58:58 +0000. Up 30.06 seconds.
ci-info: no authorized SSH keys fingerprints found for user ubuntu.
<14>Nov  4 19:58:59 ec2: 
<14>Nov  4 19:58:59 ec2: #############################################################
<14>Nov  4 19:58:59 ec2: -----BEGIN SSH HOST KEY FINGERPRINTS-----
<14>Nov  4 19:58:59 ec2: 1024 SHA256:hhxH8CVIVUClOhcs+oUJVv69XkWLxubOpcPfILtfaZA root@ubuntu-bionic (DSA)
<14>Nov  4 19:58:59 ec2: 256 SHA256:606lnYdEe7IKYx2yIodw3kKqokV0KhUc69Ci/PMfCPA root@ubuntu-bionic (ECDSA)
<14>Nov  4 19:58:59 ec2: 256 SHA256:fsv9Ve3sM+mnGSE4Fj7Kcw7ruWRXpuTrRp1SD/+kWNE root@ubuntu-bionic (ED25519)
<14>Nov  4 19:58:59 ec2: 2048 SHA256:Y3PquXey/IQnmfcU6hyoz2O+824zUCw5wzLyiLuHJMc root@ubuntu-bionic (RSA)
<14>Nov  4 19:58:59 ec2: -----END SSH HOST KEY FINGERPRINTS-----
<14>Nov  4 19:58:59 ec2: #############################################################
-----BEGIN SSH HOST KEY KEYS-----
ecdsa-sha2-nistp256 AAAAE2VjZHNhLXNoYTItbmlzdHAyNTYAAAAIbmlzdHAyNTYAAABBBGpFcFVBM2Bg1LPKbtz92nH5SI2tCjwnt34UX7J5BptessRjVxQvlB3bOiiM+TKbF6cxiICOulGQXiPzjohCBMQ= root@ubuntu-bionic
ssh-ed25519 AAAAC3NzaC1lZDI1NTE5AAAAIKcm82wulFZIVfvz3yjlj1CYNRE6iV3mGEhLWFjs2QkQ root@ubuntu-bionic
ssh-rsa AAAAB3NzaC1yc2EAAAADAQABAAABAQDDrPS8sWPfU5OuGPvOW0NDzIPn+l9AtbBP1ss5+GhXmZttBTOtFwLKgpzEpXd1XEJrdzyWBgX8z4EDUc71g63oztoB+ydTVdwDtYNsmnWhQ/zjOGIX1KCUftYvcLC2cFl2AvH7lsScg/2w/q9+UNtyB/yhGfEnBNT46PCD0e4Qth6/B6tPB+P44+nD7eNfrCHRLjaNr0yN/aR0BW+1md6lPTRy1jgnaSiZZYyPgGWF4yObHOK7n9HFz7ms0zSWTOeh1Oe4PowgzgJN75G3y+4L7cYvQZsK/MUo8XHCaXxVhkMkFM5a2S99/Tt4X2QDWLQx/9IpgxV7NJuQwQLSVS3d root@ubuntu-bionic
-----END SSH HOST KEY KEYS-----
[   30.592343] cloud-init[1593]: Cloud-init v. 20.3-2-g371b392c-0ubuntu1~18.04.1 running 'modules:final' at Wed, 04 Nov 2020 19:58:58 +0000. Up 30.51 seconds.
[   30.592657] cloud-init[1593]: ci-info: no authorized SSH keys fingerprints found for user ubuntu.
[   30.592891] cloud-init[1593]: Cloud-init v. 20.3-2-g371b392c-0ubuntu1~18.04.1 finished at Wed, 04 Nov 2020 19:58:59 +0000. Datasource DataSourceNoCloud [seed=/dev/sdb][dsmode=net].  Up 30.58 seconds

Ubuntu 18.04.5 LTS ubuntu-bionic ttyS0

ubuntu-bionic login: 